<?xml version="1.0" encoding="UTF-8"?>
<!-- Generated by org.testng.reporters.JUnitXMLReporter -->
<testsuite ignored="15" hostname="Konka-Dell" failures="0" tests="1" name="Default test" time="27.137" errors="0" timestamp="2024-02-27T21:45:48 CST">
  <testcase classname="com.solutions.seleniumSolutions" name="takeScreenshot" time="27.1"/>
  <testcase classname="com.solutions.seleniumSolutions" name="connectToDB" time="0.0">
    <ignored/>
  </testcase> <!-- connectToDB -->
  <testcase classname="com.solutions.seleniumSolutions" name="testAssertFunctions" time="0.0">
    <ignored/>
  </testcase> <!-- testAssertFunctions -->
  <testcase classname="com.solutions.seleniumSolutions" name="assertType" time="0.0">
    <ignored/>
  </testcase> <!-- assertType -->
  <testcase classname="com.solutions.seleniumSolutions" name="uploadFile" time="0.0">
    <ignored/>
  </testcase> <!-- uploadFile -->
  <testcase classname="com.solutions.seleniumSolutions" name="javaScriptSamples" time="0.0">
    <ignored/>
  </testcase> <!-- javaScriptSamples -->
  <testcase classname="com.solutions.seleniumSolutions" name="alertsPopups" time="0.0">
    <ignored/>
  </testcase> <!-- alertsPopups -->
  <testcase classname="com.solutions.seleniumSolutions" name="iframesTest" time="0.0">
    <ignored/>
  </testcase> <!-- iframesTest -->
  <testcase classname="com.solutions.seleniumSolutions" name="softAssert" time="0.0">
    <ignored/>
  </testcase> <!-- softAssert -->
  <testcase classname="com.solutions.seleniumSolutions" name="isExist" time="0.0">
    <ignored/>
  </testcase> <!-- isExist -->
  <testcase classname="com.solutions.seleniumSolutions" name="TestGoogle" time="0.0">
    <ignored/>
  </testcase> <!-- TestGoogle -->
  <testcase classname="com.solutions.seleniumSolutions" name="waitTypes" time="0.0">
    <ignored/>
  </testcase> <!-- waitTypes -->
  <testcase classname="com.solutions.seleniumSolutions" name="allLocators" time="0.0">
    <ignored/>
  </testcase> <!-- allLocators -->
  <testcase classname="com.solutions.seleniumSolutions" name="popupHandle" time="0.0">
    <ignored/>
  </testcase> <!-- popupHandle -->
  <testcase classname="com.solutions.seleniumSolutions" name="webdriverActions" time="0.0">
    <ignored/>
  </testcase> <!-- webdriverActions -->
  <testcase classname="com.solutions.seleniumSolutions" name="testBrokenLinks" time="0.0">
    <ignored/>
  </testcase> <!-- testBrokenLinks -->
</testsuite> <!-- Default test -->
