<?xml version="1.0" encoding="UTF-8"?>
<testng-results ignored="15" total="16" passed="1" failed="0" skipped="0">
  <reporter-output>
  </reporter-output>
  <suite started-at="2024-02-27T21:45:21 CST" name="Default suite" finished-at="2024-02-27T21:45:48 CST" duration-ms="27137">
    <groups>
    </groups>
    <test started-at="2024-02-27T21:45:21 CST" name="Default test" finished-at="2024-02-27T21:45:48 CST" duration-ms="27137">
      <class name="com.solutions.seleniumSolutions">
        <test-method signature="takeScreenshot()[pri:0, instance:com.solutions.seleniumSolutions@4f6ee6e4]" started-at="2024-02-27T21:45:21 CST" name="takeScreenshot" finished-at="2024-02-27T21:45:48 CST" duration-ms="27100" status="PASS">
          <reporter-output>
          </reporter-output>
        </test-method> <!-- takeScreenshot -->
      </class> <!-- com.solutions.seleniumSolutions -->
    </test> <!-- Default test -->
  </suite> <!-- Default suite -->
</testng-results>
